Arguments: 
  /Users/wenruzhang/.nvm/versions/node/v18.15.0/bin/node /Users/wenruzhang/.nvm/versions/node/v18.15.0/bin/yarn install

PATH: 
  /Users/wenruzhang/.npm/_npx/9c0d86107f20e2c5/node_modules/.bin:/Users/wenruzhang/Desktop/node_modules/.bin:/Users/wenruzhang/node_modules/.bin:/Users/node_modules/.bin:/node_modules/.bin:/Users/wenruzhang/.nvm/versions/node/v18.15.0/lib/node_modules/npm/node_modules/@npmcli/run-script/lib/node-gyp-bin:/Users/wenruzhang/.nvm/versions/node/v18.15.0/bin:/Library/Frameworks/Python.framework/Versions/3.8/bin:/usr/local/bin:/usr/bin:/bin:/usr/sbin:/sbin:/Library/Apple/usr/bin

Yarn version: 
  1.22.19

Node version: 
  18.15.0

Platform: 
  darwin x64

Trace: 
  Error: https://registry.npmjs.org/@babel%2fruntime: ETIMEDOUT
      at Timeout._onTimeout (/Users/wenruzhang/.nvm/versions/node/v18.15.0/lib/node_modules/yarn/lib/cli.js:141550:19)
      at listOnTimeout (node:internal/timers:569:17)
      at process.processTimers (node:internal/timers:512:7)

npm manifest: 
  {
    "name": "fe-articles",
    "version": "1.0.0",
    "private": true,
    "description": "前端最新热门文章",
    "templateInfo": {
      "name": "mobx",
      "typescript": true,
      "css": "Sass",
      "framework": "React"
    },
    "scripts": {
      "build:weapp": "taro build --type weapp",
      "build:swan": "taro build --type swan",
      "build:alipay": "taro build --type alipay",
      "build:tt": "taro build --type tt",
      "build:h5": "taro build --type h5",
      "build:rn": "taro build --type rn",
      "build:qq": "taro build --type qq",
      "build:quickapp": "taro build --type quickapp",
      "dev:weapp": "npm run build:weapp -- --watch",
      "dev:swan": "npm run build:swan -- --watch",
      "dev:alipay": "npm run build:alipay -- --watch",
      "dev:tt": "npm run build:tt -- --watch",
      "dev:h5": "npm run build:h5 -- --watch",
      "dev:rn": "npm run build:rn -- --watch",
      "dev:qq": "npm run build:qq -- --watch",
      "dev:quickapp": "npm run build:quickapp -- --watch"
    },
    "browserslist": [
      "last 3 versions",
      "Android >= 4.1",
      "ios >= 8"
    ],
    "author": "",
    "license": "MIT",
    "dependencies": {
      "@babel/runtime": "^7.7.7",
      "@tarojs/components": "3.6.25",
      "@tarojs/helper": "3.6.25",
      "@tarojs/plugin-platform-weapp": "3.6.25",
      "@tarojs/plugin-platform-alipay": "3.6.25",
      "@tarojs/plugin-platform-tt": "3.6.25",
      "@tarojs/plugin-platform-swan": "3.6.25",
      "@tarojs/plugin-platform-jd": "3.6.25",
      "@tarojs/plugin-platform-qq": "3.6.25",
      "@tarojs/plugin-platform-h5": "3.6.25",
      "@tarojs/runtime": "3.6.25",
      "@tarojs/shared": "3.6.25",
      "@tarojs/taro": "3.6.25",
      "@tarojs/plugin-framework-react": "3.6.25",
      "mobx": "^4.8.0",
      "mobx-react": "^6.1.4",
      "react-dom": "^18.0.0",
      "@tarojs/react": "3.6.25",
      "react": "^18.0.0"
    },
    "devDependencies": {
      "@babel/core": "^7.8.0",
      "@tarojs/cli": "3.6.25",
      "@types/webpack-env": "^1.13.6",
      "@types/react": "^18.0.0",
      "postcss": "^8.4.18",
      "webpack": "^5.78.0",
      "@tarojs/taro-loader": "3.6.25",
      "@tarojs/webpack5-runner": "3.6.25",
      "@pmmmwh/react-refresh-webpack-plugin": "^0.5.5",
      "react-refresh": "^0.11.0",
      "babel-preset-taro": "3.6.25",
      "eslint-config-taro": "3.6.25",
      "eslint": "^8.12.0",
      "eslint-plugin-react": "^7.8.2",
      "eslint-plugin-import": "^2.12.0",
      "eslint-plugin-react-hooks": "^4.2.0",
      "stylelint": "9.3.0",
      "@typescript-eslint/parser": "^5.20.0",
      "@typescript-eslint/eslint-plugin": "^5.20.0",
      "typescript": "^4.1.0",
      "ts-node": "^10.9.1",
      "@types/node": "^18.15.11"
    }
  }

yarn manifest: 
  No manifest

Lockfile: 
  No lockfile
